HDF5-DIAG: Error detected in HDF5 (1.12.2) thread 1:
  #000: H5Dio.c line 179 in H5Dread(): can't read data
    major: Dataset
    minor: Read failed
  #001: H5VLcallback.c line 2011 in H5VL_dataset_read(): dataset read failed
    major: Virtual Object Layer
    minor: Read failed
  #002: H5VLcallback.c line 1978 in H5VL__dataset_read(): dataset read failed
    major: Virtual Object Layer
    minor: Read failed
  #003: H5VLnative_dataset.c line 166 in H5VL__native_dataset_read(): can't read data
    major: Dataset
    minor: Read failed
  #004: H5Dio.c line 545 in H5D__read(): can't read data
    major: Dataset
    minor: Read failed
  #005: H5Dchunk.c line 2541 in H5D__chunk_read(): error looking up chunk address
    major: Dataset
    minor: Can't get value
  #006: H5Dchunk.c line 3262 in H5D__chunk_lookup(): can't query chunk address
    major: Dataset
    minor: Can't get value
  #007: H5Dbtree.c line 1008 in H5D__btree_idx_get_addr(): can't get chunk info
    major: Dataset
    minor: Can't get value
  #008: H5B.c line 326 in H5B_find(): unable to load B-tree node
    major: B-Tree node
    minor: Unable to protect metadata
  #009: H5AC.c line 1426 in H5AC_protect(): H5C_protect() failed
    major: Object cache
    minor: Unable to protect metadata
  #010: H5C.c line 2370 in H5C_protect(): can't load entry
    major: Object cache
    minor: Unable to load metadata into cache
  #011: H5C.c line 7209 in H5C__load_entry(): Can't read image*
    major: Object cache
    minor: Read failed
  #012: H5Fio.c line 148 in H5F_block_read(): read through page buffer failed
    major: Low-level I/O
    minor: Read failed
  #013: H5PB.c line 721 in H5PB_read(): read through metadata accumulator failed
    major: Page Buffering
    minor: Read failed
  #014: H5Faccum.c line 202 in H5F__accum_read(): driver read request failed
    major: Low-level I/O
    minor: Read failed
  #015: H5FDint.c line 189 in H5FD_read(): driver read request failed
    major: Virtual File Layer
    minor: Read failed
  #016: H5FDsec2.c line 755 in H5FD__sec2_read(): file read failed: time = Wed Mar 26 21:14:28 2025
, filename = '/summer/meom/MODEL_SET/eNATL60/eNATL60-BLBT02/1h/aGS/eNATL60aGS-BLBT02_y2009m08d01.1h_W.nc', file descriptor = 10, errno = 116, error message = 'Stale file handle', buf = 0x7f0d88578830, total read size = 3656, bytes this sub-read = 3656, bytes actually read = 18446744073709551615, offset = 0
    major: Low-level I/O
    minor: Read failed
Traceback (most recent call last):
  File "/bettik/alberta/git/atlaSlice/slice/test_script_prof_flux_filt_inboxes_dahu.py", line 196, in <module>
    write_prof_filt_flux_gradients_onebox(machine,var,config,simu,reg,freq,date,imin,imax,jmin,jmax,box_name,k)
  File "/bettik/alberta/git/atlaSlice/slice/test_script_prof_flux_filt_inboxes_dahu.py", line 189, in write_prof_filt_flux_gradients_onebox
    big_dataset.to_netcdf(path=profile_name,mode='w')
  File "/bettik/alberta/micromamba/envs/atlaslice/lib/python3.11/site-packages/xarray/core/dataset.py", line 1957, in to_netcdf
    return to_netcdf(  # type: ignore  # mypy cannot resolve the overloads:(
           ^^^^^^^^^^^^^^^^^^^^^^^^^^^^^^^^^^^^^^^^^^^^^^^^^^^^^^^^^^^^^^^^^
  File "/bettik/alberta/micromamba/envs/atlaslice/lib/python3.11/site-packages/xarray/backends/api.py", line 1281, in to_netcdf
    writes = writer.sync(compute=compute)
             ^^^^^^^^^^^^^^^^^^^^^^^^^^^^
  File "/bettik/alberta/micromamba/envs/atlaslice/lib/python3.11/site-packages/xarray/backends/common.py", line 178, in sync
    delayed_store = chunkmanager.store(
                    ^^^^^^^^^^^^^^^^^^^
  File "/bettik/alberta/micromamba/envs/atlaslice/lib/python3.11/site-packages/xarray/core/daskmanager.py", line 211, in store
    return store(
           ^^^^^^
  File "/bettik/alberta/micromamba/envs/atlaslice/lib/python3.11/site-packages/dask/array/core.py", line 1237, in store
    compute_as_if_collection(Array, store_dsk, map_keys, **kwargs)
  File "/bettik/alberta/micromamba/envs/atlaslice/lib/python3.11/site-packages/dask/base.py", line 337, in compute_as_if_collection
    return schedule(dsk2, keys, **kwargs)
           ^^^^^^^^^^^^^^^^^^^^^^^^^^^^^^
  File "/bettik/alberta/micromamba/envs/atlaslice/lib/python3.11/site-packages/dask/threaded.py", line 89, in get
    results = get_async(
              ^^^^^^^^^^
  File "/bettik/alberta/micromamba/envs/atlaslice/lib/python3.11/site-packages/dask/local.py", line 511, in get_async
    raise_exception(exc, tb)
  File "/bettik/alberta/micromamba/envs/atlaslice/lib/python3.11/site-packages/dask/local.py", line 319, in reraise
    raise exc
  File "/bettik/alberta/micromamba/envs/atlaslice/lib/python3.11/site-packages/dask/local.py", line 224, in execute_task
    result = _execute_task(task, data)
             ^^^^^^^^^^^^^^^^^^^^^^^^^
  File "/bettik/alberta/micromamba/envs/atlaslice/lib/python3.11/site-packages/dask/core.py", line 121, in _execute_task
    return func(*(_execute_task(a, cache) for a in args))
           ^^^^^^^^^^^^^^^^^^^^^^^^^^^^^^^^^^^^^^^^^^^^^^
  File "/bettik/alberta/micromamba/envs/atlaslice/lib/python3.11/site-packages/dask/array/core.py", line 126, in getter
    c = np.asarray(c)
        ^^^^^^^^^^^^^
  File "/bettik/alberta/micromamba/envs/atlaslice/lib/python3.11/site-packages/xarray/core/indexing.py", line 484, in __array__
    return np.asarray(self.get_duck_array(), dtype=dtype)
                      ^^^^^^^^^^^^^^^^^^^^^
  File "/bettik/alberta/micromamba/envs/atlaslice/lib/python3.11/site-packages/xarray/core/indexing.py", line 487, in get_duck_array
    return self.array.get_duck_array()
           ^^^^^^^^^^^^^^^^^^^^^^^^^^^
  File "/bettik/alberta/micromamba/envs/atlaslice/lib/python3.11/site-packages/xarray/core/indexing.py", line 664, in get_duck_array
    return self.array.get_duck_array()
           ^^^^^^^^^^^^^^^^^^^^^^^^^^^
  File "/bettik/alberta/micromamba/envs/atlaslice/lib/python3.11/site-packages/xarray/core/indexing.py", line 557, in get_duck_array
    array = array.get_duck_array()
            ^^^^^^^^^^^^^^^^^^^^^^
  File "/bettik/alberta/micromamba/envs/atlaslice/lib/python3.11/site-packages/xarray/coding/variables.py", line 74, in get_duck_array
    return self.func(self.array.get_duck_array())
                     ^^^^^^^^^^^^^^^^^^^^^^^^^^^
  File "/bettik/alberta/micromamba/envs/atlaslice/lib/python3.11/site-packages/xarray/core/indexing.py", line 551, in get_duck_array
    array = self.array[self.key]
            ~~~~~~~~~~^^^^^^^^^^
  File "/bettik/alberta/micromamba/envs/atlaslice/lib/python3.11/site-packages/xarray/backends/netCDF4_.py", line 100, in __getitem__
    return indexing.explicit_indexing_adapter(
           ^^^^^^^^^^^^^^^^^^^^^^^^^^^^^^^^^^^
  File "/bettik/alberta/micromamba/envs/atlaslice/lib/python3.11/site-packages/xarray/core/indexing.py", line 858, in explicit_indexing_adapter
    result = raw_indexing_method(raw_key.tuple)
             ^^^^^^^^^^^^^^^^^^^^^^^^^^^^^^^^^^
  File "/bettik/alberta/micromamba/envs/atlaslice/lib/python3.11/site-packages/xarray/backends/netCDF4_.py", line 113, in _getitem
    array = getitem(original_array, key)
            ^^^^^^^^^^^^^^^^^^^^^^^^^^^^
  File "src/netCDF4/_netCDF4.pyx", line 4973, in netCDF4._netCDF4.Variable.__getitem__
  File "src/netCDF4/_netCDF4.pyx", line 5930, in netCDF4._netCDF4.Variable._get
  File "src/netCDF4/_netCDF4.pyx", line 2028, in netCDF4._netCDF4._ensure_nc_success
RuntimeError: NetCDF: HDF error
## OAR [2025-03-27 20:47:14] Job 27358398 KILLED ##
